# JRE version: Java(TM) SE Runtime Environment (8.0_05-b13) (build 1.8.0_05-b13)
# Java VM: Java HotSpot(TM) 64-Bit Server VM (25.5-b02 mixed mode windows-amd64 compressed oops)
Heap:
 PSYoungGen      total 7680K, used 3662K [0x00000000e0000000, 0x00000000e0d00000, 0x0000000100000000)
  eden space 6656K, 39% used [0x00000000e0000000,0x00000000e0298d00,0x00000000e0680000)
  from space 1024K, 97% used [0x00000000e0900000,0x00000000e09fabc8,0x00000000e0a00000)
  to   space 2560K, 0% used [0x00000000e0680000,0x00000000e0680000,0x00000000e0900000)
 ParOldGen       total 6656K, used 4215K [0x00000000a0000000, 0x00000000a0680000, 0x00000000e0000000)
  object space 6656K, 63% used [0x00000000a0000000,0x00000000a041ddf0,0x00000000a0680000)
 Metaspace       used 7188K, capacity 8084K, committed 8448K, reserved 1056768K
  class space    used 884K, capacity 912K, committed 1024K, reserved 1048576K
GC Heap History (10 events):
Event: 0.317 GC heap before
{Heap before GC invocations=4 (full 0):
 PSYoungGen      total 1536K, used 1504K [0x00000000e0000000, 0x00000000e0300000, 0x0000000100000000)
  eden space 1024K, 100% used [0x00000000e0000000,0x00000000e0100000,0x00000000e0100000)
  from space 512K, 93% used [0x00000000e0100000,0x00000000e0178020,0x00000000e0180000)
  to   space 512K, 0% used [0x00000000e0280000,0x00000000e0280000,0x00000000e0300000)
 ParOldGen       total 6656K, used 192K [0x00000000a0000000, 0x00000000a0680000, 0x00000000e0000000)
  object space 6656K, 2% used [0x00000000a0000000,0x00000000a0030000,0x00000000a0680000)
 Metaspace       used 3986K, capacity 5324K, committed 5504K, reserved 1056768K
  class space    used 477K, capacity 520K, committed 640K, reserved 1048576K
Event: 0.320 GC heap after
Heap after GC invocations=4 (full 0):
 PSYoungGen      total 2560K, used 496K [0x00000000e0000000, 0x00000000e0300000, 0x0000000100000000)
  eden space 2048K, 0% used [0x00000000e0000000,0x00000000e0000000,0x00000000e0200000)
  from space 512K, 96% used [0x00000000e0280000,0x00000000e02fc010,0x00000000e0300000)
  to   space 512K, 0% used [0x00000000e0200000,0x00000000e0200000,0x00000000e0280000)
 ParOldGen       total 6656K, used 272K [0x00000000a0000000, 0x00000000a0680000, 0x00000000e0000000)
  object space 6656K, 4% used [0x00000000a0000000,0x00000000a0044000,0x00000000a0680000)
 Metaspace       used 3986K, capacity 5324K, committed 5504K, reserved 1056768K
  class space    used 477K, capacity 520K, committed 640K, reserved 1048576K
}
Event: 0.418 GC heap before
{Heap before GC invocations=5 (full 0):
 PSYoungGen      total 2560K, used 2544K [0x00000000e0000000, 0x00000000e0300000, 0x0000000100000000)
  eden space 2048K, 100% used [0x00000000e0000000,0x00000000e0200000,0x00000000e0200000)
  from space 512K, 96% used [0x00000000e0280000,0x00000000e02fc010,0x00000000e0300000)
  to   space 512K, 0% used [0x00000000e0200000,0x00000000e0200000,0x00000000e0280000)
 ParOldGen       total 6656K, used 272K [0x00000000a0000000, 0x00000000a0680000, 0x00000000e0000000)
  object space 6656K, 4% used [0x00000000a0000000,0x00000000a0044000,0x00000000a0680000)
 Metaspace       used 4670K, capacity 5900K, committed 6016K, reserved 1056768K
  class space    used 567K, capacity 584K, committed 640K, reserved 1048576K
Event: 0.426 GC heap after
Heap after GC invocations=5 (full 0):
 PSYoungGen      total 2560K, used 496K [0x00000000e0000000, 0x00000000e0600000, 0x0000000100000000)
  eden space 2048K, 0% used [0x00000000e0000000,0x00000000e0000000,0x00000000e0200000)
  from space 512K, 96% used [0x00000000e0200000,0x00000000e027c040,0x00000000e0280000)
  to   space 1024K, 0% used [0x00000000e0500000,0x00000000e0500000,0x00000000e0600000)
 ParOldGen       total 6656K, used 680K [0x00000000a0000000, 0x00000000a0680000, 0x00000000e0000000)
  object space 6656K, 10% used [0x00000000a0000000,0x00000000a00aa010,0x00000000a0680000)
 Metaspace       used 4670K, capacity 5900K, committed 6016K, reserved 1056768K
  class space    used 567K, capacity 584K, committed 640K, reserved 1048576K
}
Event: 0.540 GC heap before
{Heap before GC invocations=6 (full 0):
 PSYoungGen      total 2560K, used 2544K [0x00000000e0000000, 0x00000000e0600000, 0x0000000100000000)
  eden space 2048K, 100% used [0x00000000e0000000,0x00000000e0200000,0x00000000e0200000)
  from space 512K, 96% used [0x00000000e0200000,0x00000000e027c040,0x00000000e0280000)
  to   space 1024K, 0% used [0x00000000e0500000,0x00000000e0500000,0x00000000e0600000)
 ParOldGen       total 6656K, used 680K [0x00000000a0000000, 0x00000000a0680000, 0x00000000e0000000)
  object space 6656K, 10% used [0x00000000a0000000,0x00000000a00aa010,0x00000000a0680000)
 Metaspace       used 5294K, capacity 6540K, committed 6656K, reserved 1056768K
  class space    used 674K, capacity 712K, committed 768K, reserved 1048576K
Event: 0.542 GC heap after
Heap after GC invocations=6 (full 0):
 PSYoungGen      total 5120K, used 672K [0x00000000e0000000, 0x00000000e0600000, 0x0000000100000000)
  eden space 4096K, 0% used [0x00000000e0000000,0x00000000e0000000,0x00000000e0400000)
  from space 1024K, 65% used [0x00000000e0500000,0x00000000e05a8030,0x00000000e0600000)
  to   space 1024K, 0% used [0x00000000e0400000,0x00000000e0400000,0x00000000e0500000)
 ParOldGen       total 6656K, used 688K [0x00000000a0000000, 0x00000000a0680000, 0x00000000e0000000)
  object space 6656K, 10% used [0x00000000a0000000,0x00000000a00ac010,0x00000000a0680000)
 Metaspace       used 5294K, capacity 6540K, committed 6656K, reserved 1056768K
  class space    used 674K, capacity 712K, committed 768K, reserved 1048576K
}
Event: 0.793 GC heap before
{Heap before GC invocations=7 (full 0):
 PSYoungGen      total 5120K, used 4768K [0x00000000e0000000, 0x00000000e0600000, 0x0000000100000000)
  eden space 4096K, 100% used [0x00000000e0000000,0x00000000e0400000,0x00000000e0400000)
  from space 1024K, 65% used [0x00000000e0500000,0x00000000e05a8030,0x00000000e0600000)
  to   space 1024K, 0% used [0x00000000e0400000,0x00000000e0400000,0x00000000e0500000)
 ParOldGen       total 6656K, used 688K [0x00000000a0000000, 0x00000000a0680000, 0x00000000e0000000)
  object space 6656K, 10% used [0x00000000a0000000,0x00000000a00ac010,0x00000000a0680000)
 Metaspace       used 7046K, capacity 8020K, committed 8192K, reserved 1056768K
  class space    used 875K, capacity 912K, committed 1024K, reserved 1048576K
Event: 0.800 GC heap after
Heap after GC invocations=7 (full 0):
 PSYoungGen      total 5120K, used 948K [0x00000000e0000000, 0x00000000e0a00000, 0x0000000100000000)
  eden space 4096K, 0% used [0x00000000e0000000,0x00000000e0000000,0x00000000e0400000)
  from space 1024K, 92% used [0x00000000e0400000,0x00000000e04ed020,0x00000000e0500000)
  to   space 1024K, 0% used [0x00000000e0900000,0x00000000e0900000,0x00000000e0a00000)
 ParOldGen       total 6656K, used 920K [0x00000000a0000000, 0x00000000a0680000, 0x00000000e0000000)
  object space 6656K, 13% used [0x00000000a0000000,0x00000000a00e6080,0x00000000a0680000)
 Metaspace       used 7046K, capacity 8020K, committed 8192K, reserved 1056768K
  class space    used 875K, capacity 912K, committed 1024K, reserved 1048576K
}
Event: 0.883 GC heap before
{Heap before GC invocations=8 (full 0):
 PSYoungGen      total 5120K, used 5044K [0x00000000e0000000, 0x00000000e0a00000, 0x0000000100000000)
  eden space 4096K, 100% used [0x00000000e0000000,0x00000000e0400000,0x00000000e0400000)
  from space 1024K, 92% used [0x00000000e0400000,0x00000000e04ed020,0x00000000e0500000)
  to   space 1024K, 0% used [0x00000000e0900000,0x00000000e0900000,0x00000000e0a00000)
 ParOldGen       total 6656K, used 920K [0x00000000a0000000, 0x00000000a0680000, 0x00000000e0000000)
  object space 6656K, 13% used [0x00000000a0000000,0x00000000a00e6080,0x00000000a0680000)
 Metaspace       used 7172K, capacity 8084K, committed 8448K, reserved 1056768K
  class space    used 884K, capacity 912K, committed 1024K, reserved 1048576K
Event: 0.899 GC heap after
Heap after GC invocations=8 (full 0):
 PSYoungGen      total 7680K, used 1002K [0x00000000e0000000, 0x00000000e0d00000, 0x0000000100000000)
  eden space 6656K, 0% used [0x00000000e0000000,0x00000000e0000000,0x00000000e0680000)
  from space 1024K, 97% used [0x00000000e0900000,0x00000000e09fabc8,0x00000000e0a00000)
  to   space 2560K, 0% used [0x00000000e0680000,0x00000000e0680000,0x00000000e0900000)
 ParOldGen       total 6656K, used 4215K [0x00000000a0000000, 0x00000000a0680000, 0x00000000e0000000)
  object space 6656K, 63% used [0x00000000a0000000,0x00000000a041ddf0,0x00000000a0680000)
 Metaspace       used 7172K, capacity 8084K, committed 8448K, reserved 1056768K
  class space    used 884K, capacity 912K, committed 1024K, reserved 1048576K
}

